2022-09-09 16:15:39,942 - root - INFO - Log level: DEBUG
2022-09-09 16:15:39,945 - root - INFO - MODULE_PATH: C:\Users\owertz\OneDrive - Sopra Steria\Documents\TICKETING\PYTHON\Scripts\sql_tools\sql_tools
2022-09-09 16:15:39,946 - root - INFO - MAIN_PATH: C:\Users\owertz\OneDrive - Sopra Steria\Documents\TICKETING\PYTHON\Scripts\sql_tools
2022-09-09 16:15:39,946 - root - INFO - LOGFILE_PATH: C:\Users\owertz\OneDrive - Sopra Steria\Documents\TICKETING\PYTHON\Scripts\sql_tools\logs\sql_query_formatter.log
2022-09-09 16:15:39,946 - root - INFO - INPUTFILE_PATH: C:\Users\owertz\OneDrive - Sopra Steria\Documents\TICKETING\PYTHON\Scripts\sql_tools\sql_file\input.sql
2022-09-09 16:15:39,947 - root - INFO - OUTPUTFILE_PATH: C:\Users\owertz\OneDrive - Sopra Steria\Documents\TICKETING\PYTHON\Scripts\sql_tools\sql_file\output.sql
2022-09-09 16:15:39,947 - root - INFO - config: ROOT_PATH: 'C:\Users\owertz\OneDrive - Sopra Steria\Documents\TICKETING\PYTHON\Scripts\sql_tools'
2022-09-09 16:15:39,947 - root - INFO - config: SQL_FILE_PATH: 'sql_file'
2022-09-09 16:15:39,948 - root - INFO - config: SQL_FILE: 'input.sql'
2022-09-09 16:15:39,948 - root - INFO - config: OUTPUT_FILE: 'output.sql'
2022-09-09 16:15:39,949 - root - INFO - config: UNITTEST: 'False'
2022-09-09 16:15:39,950 - root - INFO - config: LOG_LEVEL: 'DEBUG'
2022-09-09 16:15:39,950 - root - INFO - config: LOGS_PATH: 'logs'
2022-09-09 16:15:39,951 - root - INFO - config: LOG_FILE: 'sql_query_formatter.log'
2022-09-09 16:15:39,951 - root - INFO - config: KEYWORDS_CASE: 'upperCase'
2022-09-09 16:15:39,951 - root - INFO - Script arguments: <__main__.MyParser object at 0x000001F7AEDCEEF0>
2022-09-09 16:15:39,951 - root - INFO - Read the file 'C:\Users\owertz\OneDrive - Sopra Steria\Documents\TICKETING\PYTHON\Scripts\sql_tools\sql_file\input.sql' and extract the query.
2022-09-09 16:15:39,952 - root - INFO - Number of query(ies) detected: 2
2022-09-09 16:15:39,952 - root - INFO - Formating process: STARTING ...
2022-09-09 16:15:50,775 - root - DEBUG - original raw query: |' select numtie from (select x from pyd01);'|
2022-09-09 16:15:50,775 - root - DEBUG - original query: | select numtie from (select x from pyd01);|
2022-09-09 16:15:50,776 - root - DEBUG - linearized: |select numtie from (select x from pyd01);|
2022-09-09 16:15:50,776 - root - DEBUG - lowerSQLQuery: |select numtie from (select x from pyd01);|
2022-09-09 16:15:50,776 - root - DEBUG - groupMultiKeywords: |select numtie from (select x from pyd01);|
2022-09-09 16:15:50,782 - root - DEBUG - caseSQLKeywords: |SELECT numtie FROM (SELECT x FROM pyd01);|
2022-09-09 16:15:50,782 - root - DEBUG - addEnd: |SELECT numtie FROM (SELECT x FROM pyd01);|
2022-09-09 16:15:50,783 - root - DEBUG - removeMultipleSpaces: |SELECT numtie FROM ( SELECT x FROM pyd01 ) ;|
2022-09-09 16:15:50,784 - root - DEBUG - splitQuery: |['SELECT', 'numtie', 'FROM', '(', 'SELECT', 'x', 'FROM', 'pyd01', ')', ';']|
2022-09-09 16:15:50,784 - root - DEBUG - k=  0: element --> |SELECT|
2022-09-09 16:15:50,785 - root - DEBUG - _is_a_comment: False
2022-09-09 16:15:50,785 - root - DEBUG - result: ['SELECT\n']
2022-09-09 16:15:50,786 - root - DEBUG - k=  1: element --> |numtie|
2022-09-09 16:15:50,786 - root - DEBUG - _is_a_comment: False
2022-09-09 16:15:50,786 - root - DEBUG - result: ['SELECT\n', '    numtie\n']
2022-09-09 16:15:50,786 - root - DEBUG - k=  2: element --> |FROM|
2022-09-09 16:15:50,787 - root - DEBUG - _is_a_comment: False
2022-09-09 16:15:50,787 - root - DEBUG - result: ['SELECT\n', '    numtie\n', 'FROM\n']
2022-09-09 16:15:50,787 - root - DEBUG - k=  3: element --> |(|
2022-09-09 16:15:50,787 - root - DEBUG - _is_a_comment: False
2022-09-09 16:15:50,787 - root - DEBUG - result: ['SELECT\n', '    numtie\n', 'FROM', '(']
2022-09-09 16:15:50,787 - root - DEBUG - k=  4: element --> |SELECT|
2022-09-09 16:15:50,788 - root - DEBUG - k=  0: element --> |SELECT|
2022-09-09 16:15:50,788 - root - DEBUG - _is_a_comment: False
2022-09-09 16:15:50,788 - root - DEBUG - result: ['    SELECT\n']
2022-09-09 16:15:50,788 - root - DEBUG - k=  1: element --> |x|
2022-09-09 16:15:50,788 - root - DEBUG - _is_a_comment: False
2022-09-09 16:15:50,788 - root - DEBUG - result: ['    SELECT\n', '        x\n']
2022-09-09 16:15:50,788 - root - DEBUG - k=  2: element --> |FROM|
2022-09-09 16:15:50,789 - root - DEBUG - _is_a_comment: False
2022-09-09 16:15:50,789 - root - DEBUG - result: ['    SELECT\n', '        x\n', '    FROM\n']
2022-09-09 16:15:50,789 - root - DEBUG - k=  3: element --> |pyd01|
2022-09-09 16:15:50,789 - root - DEBUG - _is_a_comment: False
2022-09-09 16:15:50,789 - root - DEBUG - result: ['    SELECT\n', '        x\n', '    FROM\n', '        pyd01\n']
2022-09-09 16:15:50,789 - root - DEBUG - k=  4: element --> |)|
2022-09-09 16:15:50,790 - root - DEBUG - _is_a_comment: False
2022-09-09 16:15:50,790 - root - DEBUG - result: ['SELECT\n', '    numtie\n', 'FROM', '(', '    SELECT\n', '        x\n', '    FROM\n', '        pyd01\n', ')\n']
2022-09-09 16:15:50,790 - root - DEBUG - k=  5: element --> |x|
